<?xml version="1.0" encoding="UTF-8" ?>
<testsuite failures="0" time="0.003" errors="0" skipped="0" tests="5" name="com.rakesh.AppTest">
  <properties>
[...]
</properties>
  <testcase time="0.003" classname="com.rakesh.AppTest" name="testingAddition"/>
  <testcase time="0" classname="com.rakesh.AppTest" name="testingMultiplication"/>
  <testcase time="0" classname="com.rakesh.AppTest" name="testingSubstraction"/>
  <testcase time="0" classname="com.rakesh.AppTest" name="testingDivision"/>
  <testcase time="0" classname="com.rakesh.AppTest" name="testingHelloWorld"/>
</testsuite>